  Main.cpp
d:\git repositories\thelegendofzelda-theminishcap\the minish cap\minish cap\minish cap\main.cpp(25): warning C4244: 'argument': conversion from 'time_t' to 'unsigned int', possible loss of data
d:\git repositories\thelegendofzelda-theminishcap\the minish cap\minish cap\minish cap\main.cpp(53): warning C4244: 'initializing': conversion from 'double' to 'int', possible loss of data
d:\git repositories\thelegendofzelda-theminishcap\the minish cap\minish cap\minish cap\main.cpp(64): warning C4244: 'argument': conversion from 'time_t' to 'unsigned int', possible loss of data
  Player.cpp
d:\git repositories\thelegendofzelda-theminishcap\the minish cap\minish cap\minish cap\player.cpp(18): warning C4244: '=': conversion from 'int' to 'float', possible loss of data
d:\git repositories\thelegendofzelda-theminishcap\the minish cap\minish cap\minish cap\player.cpp(19): warning C4244: '=': conversion from 'int' to 'float', possible loss of data
d:\git repositories\thelegendofzelda-theminishcap\the minish cap\minish cap\minish cap\player.cpp(39): warning C4244: '=': conversion from 'float' to 'int', possible loss of data
d:\git repositories\thelegendofzelda-theminishcap\the minish cap\minish cap\minish cap\player.cpp(40): warning C4244: '=': conversion from 'float' to 'int', possible loss of data
d:\git repositories\thelegendofzelda-theminishcap\the minish cap\minish cap\minish cap\player.cpp(100): warning C4244: '=': conversion from 'float' to 'int', possible loss of data
d:\git repositories\thelegendofzelda-theminishcap\the minish cap\minish cap\minish cap\player.cpp(108): warning C4244: '=': conversion from 'float' to 'int', possible loss of data
d:\git repositories\thelegendofzelda-theminishcap\the minish cap\minish cap\minish cap\player.cpp(134): warning C4244: '=': conversion from 'float' to 'int', possible loss of data
d:\git repositories\thelegendofzelda-theminishcap\the minish cap\minish cap\minish cap\player.cpp(142): warning C4244: '=': conversion from 'float' to 'int', possible loss of data
d:\git repositories\thelegendofzelda-theminishcap\the minish cap\minish cap\minish cap\player.cpp(157): warning C4244: '=': conversion from 'float' to 'int', possible loss of data
d:\git repositories\thelegendofzelda-theminishcap\the minish cap\minish cap\minish cap\player.cpp(172): warning C4244: '=': conversion from 'float' to 'int', possible loss of data
d:\git repositories\thelegendofzelda-theminishcap\the minish cap\minish cap\minish cap\player.cpp(188): warning C4244: '=': conversion from 'float' to 'int', possible loss of data
d:\git repositories\thelegendofzelda-theminishcap\the minish cap\minish cap\minish cap\player.cpp(196): warning C4244: '=': conversion from 'float' to 'int', possible loss of data
  Generating code
  1 of 1127 functions (<0.1%) were compiled, the rest were copied from previous compilation.
    0 functions were new in current compilation
    0 functions had inline decision re-evaluated but remain unchanged
  Finished generating code
  Minish Cap.vcxproj -> D:\Git Repositories\TheLegendOfZelda-TheMinishCap\The Minish Cap\Minish Cap\Release\Minish Cap.exe
