f:\project files\the minish cap\minish cap\minish cap\debug\vc141.pdb
f:\project files\the minish cap\minish cap\minish cap\debug\vc141.idb
f:\project files\the minish cap\minish cap\minish cap\debug\updatemanager.obj
f:\project files\the minish cap\minish cap\minish cap\debug\main.obj
f:\project files\the minish cap\minish cap\minish cap\debug\gameplaystate.obj
f:\project files\the minish cap\minish cap\minish cap\debug\gamemanager.obj
f:\project files\the minish cap\minish cap\minish cap\debug\mainmenustate.obj
f:\project files\the minish cap\minish cap\minish cap\debug\texturemanager.obj
f:\project files\the minish cap\minish cap\minish cap\debug\texturedgameobject.obj
f:\project files\the minish cap\minish cap\minish cap\debug\gameobject.obj
f:\project files\the minish cap\minish cap\debug\minish cap.exe
f:\project files\the minish cap\minish cap\debug\minish cap.ilk
f:\project files\the minish cap\minish cap\debug\minish cap.pdb
f:\project files\the minish cap\minish cap\minish cap\debug\source.obj
f:\project files\the minish cap\minish cap\minish cap\debug\minish cap.tlog\cl.command.1.tlog
f:\project files\the minish cap\minish cap\minish cap\debug\minish cap.tlog\cl.read.1.tlog
f:\project files\the minish cap\minish cap\minish cap\debug\minish cap.tlog\cl.write.1.tlog
f:\project files\the minish cap\minish cap\minish cap\debug\minish cap.tlog\link.command.1.tlog
f:\project files\the minish cap\minish cap\minish cap\debug\minish cap.tlog\link.read.1.tlog
f:\project files\the minish cap\minish cap\minish cap\debug\minish cap.tlog\link.write.1.tlog
